#
# A fatal error has been detected by the Java Runtime Environment:
#
#  SIGFPE (0x8) at pc=0x00000001168aeac8, pid=1005, tid=8963
#
# JRE version: OpenJDK Runtime Environment (15.0.1+9) (build 15.0.1+9-18)
# Java VM: OpenJDK 64-Bit Server VM (15.0.1+9-18, mixed mode, tiered, compressed oops, g1 gc, bsd-amd64)
# Problematic frame:
# j  LeetCode204Problem.countPrimes(I)I+40
#
# No core dump will be written. Core dumps have been disabled. To enable core dumping, try "ulimit -c unlimited" before starting Java again
#
# If you would like to submit a bug report, please visit:
#   https://bugreport.java.com/bugreport/crash.jsp
#

---------------  S U M M A R Y ------------

Command Line: -XX:+ShowCodeDetailsInExceptionMessages -agentlib:jdwp=transport=dt_socket,suspend=y,address=localhost:49392 -javaagent:/Applications/Eclipse.app/Contents/Eclipse/configuration/org.eclipse.osgi/398/0/.cp/lib/javaagent-shaded.jar -Dfile.encoding=UTF-8 LeetCode204Problem

Host: MacBookAir10,1 x86_64 2400 MHz, 8 cores, 8G, Darwin 20.3.0
Time: Sun Mar 14 00:02:23 2021 KST elapsed time: 0.420187 seconds (0d 0h 0m 0s)

---------------  T H R E A D  ---------------

Current thread (0x00007fc326808e00):  JavaThread "main" [_thread_in_Java, id=8963, stack(0x000000030cb14000,0x000000030cc14000)]

Stack: [0x000000030cb14000,0x000000030cc14000],  sp=0x000000030cc13a58,  free space=1022k
Native frames: (J=compiled Java code, A=aot compiled Java code, j=interpreted, Vv=VM code, C=native code)
j  LeetCode204Problem.countPrimes(I)I+40
j  LeetCode204Problem.main([Ljava/lang/String;)V+4
v  ~StubRoutines::call_stub
V  [libjvm.dylib+0x4ad942]  JavaCalls::call_helper(JavaValue*, methodHandle const&, JavaCallArguments*, Thread*)+0x2e2
V  [libjvm.dylib+0x50e509]  jni_invoke_static(JNIEnv_*, JavaValue*, _jobject*, JNICallType, _jmethodID*, JNI_ArgumentPusher*, Thread*)+0x1f9
V  [libjvm.dylib+0x511cae]  jni_CallStaticVoidMethod+0x19e
C  [libjli.dylib+0x4f3d]  JavaMain+0xc1d
C  [libjli.dylib+0x7659]  ThreadJavaMain+0x9
C  [libsystem_pthread.dylib+0x6950]  _pthread_start+0xe0
C  [libsystem_pthread.dylib+0x247b]  thread_start+0xf


siginfo: si_signo: 8 (SIGFPE), si_code: 5 (FPE_FLTINV), si_addr: 0x00000001168aeac8

Register to memory mapping:

RAX=0x0000000000000003 is an unknown value
RBX=0x0000000000000070 is an unknown value
RCX=0x0 is NULL
RDX=0x0 is NULL
RSP=0x000000030cc13a58 is pointing into the stack for thread: 0x00007fc326808e00
RBP=0x000000030cc13aa0 is pointing into the stack for thread: 0x00007fc326808e00
RSI=0x000000030cc139f0 is pointing into the stack for thread: 0x00007fc326808e00
RDI=0x0 is NULL
R8 =0x0000000000000030 is an unknown value
R9 =0x00007fc326404170 points into unknown readable memory: 0x000000012eeb85f8 | f8 85 eb 2e 01 00 00 00
R10=0x000000011144a8c0: _ZN19TemplateInterpreter13_active_tableE+0x2000 in /Applications/Eclipse.app/Contents/Eclipse/plugins/org.eclipse.justj.openjdk.hotspot.jre.full.macosx.x86_64_15.0.1.v20201027-0507/jre/lib/server/libjvm.dylib at 0x0000000110800000
R11=0x000000011e377ac0 is at entry_point+32 in (nmethod*)0x000000011e377910
R12=0x0 is NULL
R13=0x000000012eeb86b3 is pointing into metadata
R14=0x000000030cc13ad0 is pointing into the stack for thread: 0x00007fc326808e00
R15=0x00007fc326808e00 is a thread


Registers:
RAX=0x0000000000000003, RBX=0x0000000000000070, RCX=0x0000000000000000, RDX=0x0000000000000000
RSP=0x000000030cc13a58, RBP=0x000000030cc13aa0, RSI=0x000000030cc139f0, RDI=0x0000000000000000
R8 =0x0000000000000030, R9 =0x00007fc326404170, R10=0x000000011144a8c0, R11=0x000000011e377ac0
R12=0x0000000000000000, R13=0x000000012eeb86b3, R14=0x000000030cc13ad0, R15=0x00007fc326808e00
RIP=0x00000001168aeac8, EFLAGS=0x0000000000000a87, ERR=0x0000000000000000
  TRAPNO=0x0000000000000000

Top of Stack: (sp=0x000000030cc13a58)
0x000000030cc13a58:   000000030cc13a58 000000012eeb86b0
0x000000030cc13a68:   000000030cc13ad0 000000012eeb87d0
0x000000030cc13a78:   0000000000000000 0000000787bdd780
0x000000030cc13a88:   000000012eeb8740 0000000000000000
0x000000030cc13a98:   000000030cc13ad0 000000030cc13b28
0x000000030cc13aa8:   000000011689f178 0000000000000001
0x000000030cc13ab8:   0000000000000003 0000000000000001
0x000000030cc13ac8:   0000000787bddbc0 0000000000000005
0x000000030cc13ad8:   0000000787f13dc8 000000030cc13ae0
0x000000030cc13ae8:   000000012eeb85dc 000000030cc13b38
0x000000030cc13af8:   000000012eeb87d0 0000000000000000
0x000000030cc13b08:   0000000787bdd780 000000012eeb85f8
0x000000030cc13b18:   000000030cc13ad0 000000030cc13b38
0x000000030cc13b28:   000000030cc13ba0 0000000116894947
0x000000030cc13b38:   0000000787bddac8 6b588bea00001fa0
0x000000030cc13b48:   00007fc326808e00 000000030cc13ce0
0x000000030cc13b58:   000000030cc13e90 000000030cc13cc8
0x000000030cc13b68:   0000000000000001 000000030cc13bf8
0x000000030cc13b78:   000000030cc13e98 000000000000000a
0x000000030cc13b88:   000000012eeb85f8 00000001168a7040
0x000000030cc13b98:   000000030cc13ce8 000000030cc13c80
0x000000030cc13ba8:   0000000110cad942 0000000000000001
0x000000030cc13bb8:   00007fc326808e00 00007fc326808e00
0x000000030cc13bc8:   00007fc326404500 00007fc326404080
0x000000030cc13bd8:   00007fc326404090 00007fc326404168
0x000000030cc13be8:   00000000000000d8 00007fc3264046a0
0x000000030cc13bf8:   00007fc326808e00 00007fc326405370
0x000000030cc13c08:   000000012eeb85f8 0000000000000000
0x000000030cc13c18:   0000000000000000 0000000000000000
0x000000030cc13c28:   0000000000000000 000000030cc13e90
0x000000030cc13c38:   0000000204673e7d 00000001168a7040
0x000000030cc13c48:   000000000000000f 0000000a26808e00 

Instructions: (pc=0x00000001168aeac8)
0x00000001168ae9c8:   92 ae 27 11 01 00 00 00 6e 00 00 00 00 00 00 00
0x00000001168ae9d8:   00 00 00 00 00 00 00 00 f3 0f 10 04 24 48 83 c4
0x00000001168ae9e8:   08 0f 28 c8 f3 0f 10 04 24 48 83 c4 08 f3 0f 5e
0x00000001168ae9f8:   c1 41 0f b6 5d 01 49 ff c5 49 ba c0 b8 44 11 01
0x00000001168aea08:   00 00 00 41 ff 24 da 90 00 00 00 00 00 00 00 00
0x00000001168aea18:   00 00 00 00 00 00 00 00 60 00 00 00 00 00 00 00
0x00000001168aea28:   97 ae 27 11 01 00 00 00 6f 00 00 00 00 00 00 00
0x00000001168aea38:   00 00 00 00 00 00 00 00 f2 0f 10 04 24 48 83 c4
0x00000001168aea48:   10 66 0f 28 c8 f2 0f 10 04 24 48 83 c4 10 f2 0f
0x00000001168aea58:   5e c1 41 0f b6 5d 01 49 ff c5 49 ba c0 c0 44 11
0x00000001168aea68:   01 00 00 00 41 ff 24 da 00 00 00 00 00 00 00 00
0x00000001168aea78:   00 00 00 00 00 00 00 00 80 00 00 00 00 00 00 00
0x00000001168aea88:   9c ae 27 11 01 00 00 00 70 00 00 00 00 00 00 00
0x00000001168aea98:   00 00 00 00 00 00 00 00 8b 04 24 48 83 c4 08 8b
0x00000001168aeaa8:   c8 8b 04 24 48 83 c4 08 81 f8 00 00 00 80 0f 85
0x00000001168aeab8:   0b 00 00 00 33 d2 83 f9 ff 0f 84 03 00 00 00 99
0x00000001168aeac8:   f7 f9 8b c2 41 0f b6 5d 01 49 ff c5 49 ba c0 a8
0x00000001168aead8:   44 11 01 00 00 00 41 ff 24 da 66 0f 1f 44 00 00
0x00000001168aeae8:   00 00 00 00 00 00 00 00 00 00 00 00 00 00 00 00
0x00000001168aeaf8:   00 00 00 00 00 00 00 00 80 00 00 00 00 00 00 00
0x00000001168aeb08:   a1 ae 27 11 01 00 00 00 71 00 00 00 00 00 00 00
0x00000001168aeb18:   00 00 00 00 00 00 00 00 48 8b 04 24 48 83 c4 10
0x00000001168aeb28:   48 8b c8 48 8b 04 24 48 83 c4 10 48 85 c9 0f 84
0x00000001168aeb38:   97 7f ff ff 48 3b 05 0d 70 a4 fa 0f 85 0c 00 00
0x00000001168aeb48:   00 33 d2 48 83 f9 ff 0f 84 05 00 00 00 48 99 48
0x00000001168aeb58:   f7 f9 48 8b c2 41 0f b6 5d 01 49 ff c5 49 ba c0
0x00000001168aeb68:   b0 44 11 01 00 00 00 41 ff 24 da 0f 1f 44 00 00
0x00000001168aeb78:   00 00 00 00 00 00 00 00 80 00 00 00 00 00 00 00
0x00000001168aeb88:   a6 ae 27 11 01 00 00 00 72 00 00 00 00 00 00 00
0x00000001168aeb98:   00 00 00 00 00 00 00 00 f3 0f 10 04 24 48 83 c4
0x00000001168aeba8:   08 0f 28 c8 f3 0f 10 04 24 48 83 c4 08 f7 c4 0f
0x00000001168aebb8:   00 00 00 0f 84 12 00 00 00 48 83 ec 08 e8 e6 2c 


Stack slot to memory mapping:
stack at sp + 0 slots: 0x000000030cc13a58 is pointing into the stack for thread: 0x00007fc326808e00
stack at sp + 1 slots: 0x000000012eeb86b0 is pointing into metadata
stack at sp + 2 slots: 0x000000030cc13ad0 is pointing into the stack for thread: 0x00007fc326808e00
stack at sp + 3 slots: 0x000000012eeb87d0 is pointing into metadata
stack at sp + 4 slots: 0x0 is NULL
stack at sp + 5 slots: 0x0000000787bdd780 is an oop: java.lang.Class 
{0x0000000787bdd780} - klass: 'java/lang/Class'
stack at sp + 6 slots: {method} {0x000000012eeb8740} 'countPrimes' '(I)I' in 'LeetCode204Problem'
stack at sp + 7 slots: 0x0 is NULL

irem  112 irem  [0x00000001168aeaa0, 0x00000001168aeb00]  96 bytes
[MachCode]
  0x00000001168aeaa0: 8b04 2448 | 83c4 088b | c88b 0424 | 4883 c408 | 81f8 0000 | 0080 0f85 | 0b00 0000 | 33d2 83f9 
  0x00000001168aeac0: ff0f 8403 | 0000 0099 | f7f9 8bc2 | 410f b65d | 0149 ffc5 | 49ba c0a8 | 4411 0100 | 0000 41ff 
  0x00000001168aeae0: 24da 660f | 1f44 0000 | 0000 0000 | 0000 0000 | 0000 0000 | 0000 0000 | 0000 0000 | 0000 0000 
[/MachCode]

---------------  P R O C E S S  ---------------

Threads class SMR info:
_java_thread_list=0x00007fc336574a40, length=13, elements={
0x00007fc326808e00, 0x00007fc32682bc00, 0x00007fc326833800, 0x00007fc316896c00,
0x00007fc316896000, 0x00007fc31689fa00, 0x00007fc337013400, 0x00007fc337014400,
0x00007fc316912e00, 0x00007fc33682cc00, 0x00007fc3168a0000, 0x00007fc33682d200,
0x00007fc33682f400
}

Java Threads: ( => current thread )
=>0x00007fc326808e00 JavaThread "main" [_thread_in_Java, id=8963, stack(0x000000030cb14000,0x000000030cc14000)]
  0x00007fc32682bc00 JavaThread "Reference Handler" daemon [_thread_blocked, id=15619, stack(0x000000030d229000,0x000000030d329000)]
  0x00007fc326833800 JavaThread "Finalizer" daemon [_thread_blocked, id=22531, stack(0x000000030d32c000,0x000000030d42c000)]
  0x00007fc316896c00 JavaThread "Signal Dispatcher" daemon [_thread_blocked, id=25091, stack(0x000000030d53f000,0x000000030d63f000)]
  0x00007fc316896000 JavaThread "Service Thread" daemon [_thread_blocked, id=25603, stack(0x000000030d642000,0x000000030d742000)]
  0x00007fc31689fa00 JavaThread "C2 CompilerThread0" daemon [_thread_blocked, id=26371, stack(0x000000030d745000,0x000000030d845000)]
  0x00007fc337013400 JavaThread "C1 CompilerThread0" daemon [_thread_blocked, id=39683, stack(0x000000030d848000,0x000000030d948000)]
  0x00007fc337014400 JavaThread "Sweeper thread" daemon [_thread_blocked, id=38659, stack(0x000000030d94b000,0x000000030da4b000)]
  0x00007fc316912e00 JavaThread "Common-Cleaner" daemon [_thread_blocked, id=28675, stack(0x000000030da4e000,0x000000030db4e000)]
  0x00007fc33682cc00 JavaThread "JDWP Transport Listener: dt_socket" daemon [_thread_blocked, id=37123, stack(0x000000030db51000,0x000000030dc51000)]
  0x00007fc3168a0000 JavaThread "JDWP Event Helper Thread" daemon [_thread_blocked, id=29699, stack(0x000000030dc54000,0x000000030dd54000)]
  0x00007fc33682d200 JavaThread "JDWP Command Reader" daemon [_thread_in_native, id=30723, stack(0x000000030dd57000,0x000000030de57000)]
  0x00007fc33682f400 JavaThread "Notification Thread" daemon [_thread_blocked, id=35331, stack(0x000000030de5a000,0x000000030df5a000)]

Other Threads:
  0x00007fc336412e40 VMThread "VM Thread" [stack: 0x000000030d126000,0x000000030d226000] [id=14347]
  0x00007fc336575240 WatcherThread [stack: 0x000000030df5d000,0x000000030e05d000] [id=35075]
  0x00007fc326410d60 GCTaskThread "GC Thread#0" [stack: 0x000000030cc17000,0x000000030cd17000] [id=17667]
  0x00007fc316404600 ConcurrentGCThread "G1 Main Marker" [stack: 0x000000030cd1a000,0x000000030ce1a000] [id=13059]
  0x00007fc326411a80 ConcurrentGCThread "G1 Conc#0" [stack: 0x000000030ce1d000,0x000000030cf1d000] [id=16899]
  0x00007fc3164213a0 ConcurrentGCThread "G1 Refine#0" [stack: 0x000000030cf20000,0x000000030d020000] [id=16387]
  0x00007fc326412a90 ConcurrentGCThread "G1 Young RemSet Sampling" [stack: 0x000000030d023000,0x000000030d123000] [id=14083]

Threads with active compile tasks:

VM state: not at safepoint (normal execution)

VM Mutex/Monitor currently owned by a thread: None

Heap address: 0x0000000780000000, size: 2048 MB, Compressed Oops mode: Zero based, Oop shift amount: 3
CDS disabled.
Compressed class space mapped at: 0x0000000800000000-0x0000000840000000, size: 1073741824
Narrow klass base: 0x0000000800000000, Narrow klass shift: 0, Narrow klass range: 0x40000000

GC Precious Log:
 CPUs: 8 total, 8 available
 Memory: 8192M
 Large Page Support: Disabled
 NUMA Support: Disabled
 Compressed Oops: Enabled (Zero based)
 Heap Region Size: 1M
 Heap Min Capacity: 8M
 Heap Initial Capacity: 128M
 Heap Max Capacity: 2G
 Pre-touch: Disabled
 Parallel Workers: 8
 Concurrent Workers: 2
 Concurrent Refinement Workers: 8
 Periodic GC: Disabled

Heap:
 garbage-first heap   total 131072K, used 4096K [0x0000000780000000, 0x0000000800000000)
  region size 1024K, 5 young (5120K), 0 survivors (0K)
 Metaspace       used 9192K, capacity 9310K, committed 9600K, reserved 1058816K
  class space    used 790K, capacity 821K, committed 896K, reserved 1048576K

Heap Regions: E=young(eden), S=young(survivor), O=old, HS=humongous(starts), HC=humongous(continues), CS=collection set, F=free, OA=open archive, CA=closed archive, TAMS=top-at-mark-start (previous, next)
|   0|0x0000000780000000, 0x0000000780000000, 0x0000000780100000|  0%| F|  |TAMS 0x0000000780000000, 0x0000000780000000| Untracked 
|   1|0x0000000780100000, 0x0000000780100000, 0x0000000780200000|  0%| F|  |TAMS 0x0000000780100000, 0x0000000780100000| Untracked 
|   2|0x0000000780200000, 0x0000000780200000, 0x0000000780300000|  0%| F|  |TAMS 0x0000000780200000, 0x0000000780200000| Untracked 
|   3|0x0000000780300000, 0x0000000780300000, 0x0000000780400000|  0%| F|  |TAMS 0x0000000780300000, 0x0000000780300000| Untracked 
|   4|0x0000000780400000, 0x0000000780400000, 0x0000000780500000|  0%| F|  |TAMS 0x0000000780400000, 0x0000000780400000| Untracked 
|   5|0x0000000780500000, 0x0000000780500000, 0x0000000780600000|  0%| F|  |TAMS 0x0000000780500000, 0x0000000780500000| Untracked 
|   6|0x0000000780600000, 0x0000000780600000, 0x0000000780700000|  0%| F|  |TAMS 0x0000000780600000, 0x0000000780600000| Untracked 
|   7|0x0000000780700000, 0x0000000780700000, 0x0000000780800000|  0%| F|  |TAMS 0x0000000780700000, 0x0000000780700000| Untracked 
|   8|0x0000000780800000, 0x0000000780800000, 0x0000000780900000|  0%| F|  |TAMS 0x0000000780800000, 0x0000000780800000| Untracked 
|   9|0x0000000780900000, 0x0000000780900000, 0x0000000780a00000|  0%| F|  |TAMS 0x0000000780900000, 0x0000000780900000| Untracked 
|  10|0x0000000780a00000, 0x0000000780a00000, 0x0000000780b00000|  0%| F|  |TAMS 0x0000000780a00000, 0x0000000780a00000| Untracked 
|  11|0x0000000780b00000, 0x0000000780b00000, 0x0000000780c00000|  0%| F|  |TAMS 0x0000000780b00000, 0x0000000780b00000| Untracked 
|  12|0x0000000780c00000, 0x0000000780c00000, 0x0000000780d00000|  0%| F|  |TAMS 0x0000000780c00000, 0x0000000780c00000| Untracked 
|  13|0x0000000780d00000, 0x0000000780d00000, 0x0000000780e00000|  0%| F|  |TAMS 0x0000000780d00000, 0x0000000780d00000| Untracked 
|  14|0x0000000780e00000, 0x0000000780e00000, 0x0000000780f00000|  0%| F|  |TAMS 0x0000000780e00000, 0x0000000780e00000| Untracked 
|  15|0x0000000780f00000, 0x0000000780f00000, 0x0000000781000000|  0%| F|  |TAMS 0x0000000780f00000, 0x0000000780f00000| Untracked 
|  16|0x0000000781000000, 0x0000000781000000, 0x0000000781100000|  0%| F|  |TAMS 0x0000000781000000, 0x0000000781000000| Untracked 
|  17|0x0000000781100000, 0x0000000781100000, 0x0000000781200000|  0%| F|  |TAMS 0x0000000781100000, 0x0000000781100000| Untracked 
|  18|0x0000000781200000, 0x0000000781200000, 0x0000000781300000|  0%| F|  |TAMS 0x0000000781200000, 0x0000000781200000| Untracked 
|  19|0x0000000781300000, 0x0000000781300000, 0x0000000781400000|  0%| F|  |TAMS 0x0000000781300000, 0x0000000781300000| Untracked 
|  20|0x0000000781400000, 0x0000000781400000, 0x0000000781500000|  0%| F|  |TAMS 0x0000000781400000, 0x0000000781400000| Untracked 
|  21|0x0000000781500000, 0x0000000781500000, 0x0000000781600000|  0%| F|  |TAMS 0x0000000781500000, 0x0000000781500000| Untracked 
|  22|0x0000000781600000, 0x0000000781600000, 0x0000000781700000|  0%| F|  |TAMS 0x0000000781600000, 0x0000000781600000| Untracked 
|  23|0x0000000781700000, 0x0000000781700000, 0x0000000781800000|  0%| F|  |TAMS 0x0000000781700000, 0x0000000781700000| Untracked 
|  24|0x0000000781800000, 0x0000000781800000, 0x0000000781900000|  0%| F|  |TAMS 0x0000000781800000, 0x0000000781800000| Untracked 
|  25|0x0000000781900000, 0x0000000781900000, 0x0000000781a00000|  0%| F|  |TAMS 0x0000000781900000, 0x0000000781900000| Untracked 
|  26|0x0000000781a00000, 0x0000000781a00000, 0x0000000781b00000|  0%| F|  |TAMS 0x0000000781a00000, 0x0000000781a00000| Untracked 
|  27|0x0000000781b00000, 0x0000000781b00000, 0x0000000781c00000|  0%| F|  |TAMS 0x0000000781b00000, 0x0000000781b00000| Untracked 
|  28|0x0000000781c00000, 0x0000000781c00000, 0x0000000781d00000|  0%| F|  |TAMS 0x0000000781c00000, 0x0000000781c00000| Untracked 
|  29|0x0000000781d00000, 0x0000000781d00000, 0x0000000781e00000|  0%| F|  |TAMS 0x0000000781d00000, 0x0000000781d00000| Untracked 
|  30|0x0000000781e00000, 0x0000000781e00000, 0x0000000781f00000|  0%| F|  |TAMS 0x0000000781e00000, 0x0000000781e00000| Untracked 
|  31|0x0000000781f00000, 0x0000000781f00000, 0x0000000782000000|  0%| F|  |TAMS 0x0000000781f00000, 0x0000000781f00000| Untracked 
|  32|0x0000000782000000, 0x0000000782000000, 0x0000000782100000|  0%| F|  |TAMS 0x0000000782000000, 0x0000000782000000| Untracked 
|  33|0x0000000782100000, 0x0000000782100000, 0x0000000782200000|  0%| F|  |TAMS 0x0000000782100000, 0x0000000782100000| Untracked 
|  34|0x0000000782200000, 0x0000000782200000, 0x0000000782300000|  0%| F|  |TAMS 0x0000000782200000, 0x0000000782200000| Untracked 
|  35|0x0000000782300000, 0x0000000782300000, 0x0000000782400000|  0%| F|  |TAMS 0x0000000782300000, 0x0000000782300000| Untracked 
|  36|0x0000000782400000, 0x0000000782400000, 0x0000000782500000|  0%| F|  |TAMS 0x0000000782400000, 0x0000000782400000| Untracked 
|  37|0x0000000782500000, 0x0000000782500000, 0x0000000782600000|  0%| F|  |TAMS 0x0000000782500000, 0x0000000782500000| Untracked 
|  38|0x0000000782600000, 0x0000000782600000, 0x0000000782700000|  0%| F|  |TAMS 0x0000000782600000, 0x0000000782600000| Untracked 
|  39|0x0000000782700000, 0x0000000782700000, 0x0000000782800000|  0%| F|  |TAMS 0x0000000782700000, 0x0000000782700000| Untracked 
|  40|0x0000000782800000, 0x0000000782800000, 0x0000000782900000|  0%| F|  |TAMS 0x0000000782800000, 0x0000000782800000| Untracked 
|  41|0x0000000782900000, 0x0000000782900000, 0x0000000782a00000|  0%| F|  |TAMS 0x0000000782900000, 0x0000000782900000| Untracked 
|  42|0x0000000782a00000, 0x0000000782a00000, 0x0000000782b00000|  0%| F|  |TAMS 0x0000000782a00000, 0x0000000782a00000| Untracked 
|  43|0x0000000782b00000, 0x0000000782b00000, 0x0000000782c00000|  0%| F|  |TAMS 0x0000000782b00000, 0x0000000782b00000| Untracked 
|  44|0x0000000782c00000, 0x0000000782c00000, 0x0000000782d00000|  0%| F|  |TAMS 0x0000000782c00000, 0x0000000782c00000| Untracked 
|  45|0x0000000782d00000, 0x0000000782d00000, 0x0000000782e00000|  0%| F|  |TAMS 0x0000000782d00000, 0x0000000782d00000| Untracked 
|  46|0x0000000782e00000, 0x0000000782e00000, 0x0000000782f00000|  0%| F|  |TAMS 0x0000000782e00000, 0x0000000782e00000| Untracked 
|  47|0x0000000782f00000, 0x0000000782f00000, 0x0000000783000000|  0%| F|  |TAMS 0x0000000782f00000, 0x0000000782f00000| Untracked 
|  48|0x0000000783000000, 0x0000000783000000, 0x0000000783100000|  0%| F|  |TAMS 0x0000000783000000, 0x0000000783000000| Untracked 
|  49|0x0000000783100000, 0x0000000783100000, 0x0000000783200000|  0%| F|  |TAMS 0x0000000783100000, 0x0000000783100000| Untracked 
|  50|0x0000000783200000, 0x0000000783200000, 0x0000000783300000|  0%| F|  |TAMS 0x0000000783200000, 0x0000000783200000| Untracked 
|  51|0x0000000783300000, 0x0000000783300000, 0x0000000783400000|  0%| F|  |TAMS 0x0000000783300000, 0x0000000783300000| Untracked 
|  52|0x0000000783400000, 0x0000000783400000, 0x0000000783500000|  0%| F|  |TAMS 0x0000000783400000, 0x0000000783400000| Untracked 
|  53|0x0000000783500000, 0x0000000783500000, 0x0000000783600000|  0%| F|  |TAMS 0x0000000783500000, 0x0000000783500000| Untracked 
|  54|0x0000000783600000, 0x0000000783600000, 0x0000000783700000|  0%| F|  |TAMS 0x0000000783600000, 0x0000000783600000| Untracked 
|  55|0x0000000783700000, 0x0000000783700000, 0x0000000783800000|  0%| F|  |TAMS 0x0000000783700000, 0x0000000783700000| Untracked 
|  56|0x0000000783800000, 0x0000000783800000, 0x0000000783900000|  0%| F|  |TAMS 0x0000000783800000, 0x0000000783800000| Untracked 
|  57|0x0000000783900000, 0x0000000783900000, 0x0000000783a00000|  0%| F|  |TAMS 0x0000000783900000, 0x0000000783900000| Untracked 
|  58|0x0000000783a00000, 0x0000000783a00000, 0x0000000783b00000|  0%| F|  |TAMS 0x0000000783a00000, 0x0000000783a00000| Untracked 
|  59|0x0000000783b00000, 0x0000000783b00000, 0x0000000783c00000|  0%| F|  |TAMS 0x0000000783b00000, 0x0000000783b00000| Untracked 
|  60|0x0000000783c00000, 0x0000000783c00000, 0x0000000783d00000|  0%| F|  |TAMS 0x0000000783c00000, 0x0000000783c00000| Untracked 
|  61|0x0000000783d00000, 0x0000000783d00000, 0x0000000783e00000|  0%| F|  |TAMS 0x0000000783d00000, 0x0000000783d00000| Untracked 
|  62|0x0000000783e00000, 0x0000000783e00000, 0x0000000783f00000|  0%| F|  |TAMS 0x0000000783e00000, 0x0000000783e00000| Untracked 
|  63|0x0000000783f00000, 0x0000000783f00000, 0x0000000784000000|  0%| F|  |TAMS 0x0000000783f00000, 0x0000000783f00000| Untracked 
|  64|0x0000000784000000, 0x0000000784000000, 0x0000000784100000|  0%| F|  |TAMS 0x0000000784000000, 0x0000000784000000| Untracked 
|  65|0x0000000784100000, 0x0000000784100000, 0x0000000784200000|  0%| F|  |TAMS 0x0000000784100000, 0x0000000784100000| Untracked 
|  66|0x0000000784200000, 0x0000000784200000, 0x0000000784300000|  0%| F|  |TAMS 0x0000000784200000, 0x0000000784200000| Untracked 
|  67|0x0000000784300000, 0x0000000784300000, 0x0000000784400000|  0%| F|  |TAMS 0x0000000784300000, 0x0000000784300000| Untracked 
|  68|0x0000000784400000, 0x0000000784400000, 0x0000000784500000|  0%| F|  |TAMS 0x0000000784400000, 0x0000000784400000| Untracked 
|  69|0x0000000784500000, 0x0000000784500000, 0x0000000784600000|  0%| F|  |TAMS 0x0000000784500000, 0x0000000784500000| Untracked 
|  70|0x0000000784600000, 0x0000000784600000, 0x0000000784700000|  0%| F|  |TAMS 0x0000000784600000, 0x0000000784600000| Untracked 
|  71|0x0000000784700000, 0x0000000784700000, 0x0000000784800000|  0%| F|  |TAMS 0x0000000784700000, 0x0000000784700000| Untracked 
|  72|0x0000000784800000, 0x0000000784800000, 0x0000000784900000|  0%| F|  |TAMS 0x0000000784800000, 0x0000000784800000| Untracked 
|  73|0x0000000784900000, 0x0000000784900000, 0x0000000784a00000|  0%| F|  |TAMS 0x0000000784900000, 0x0000000784900000| Untracked 
|  74|0x0000000784a00000, 0x0000000784a00000, 0x0000000784b00000|  0%| F|  |TAMS 0x0000000784a00000, 0x0000000784a00000| Untracked 
|  75|0x0000000784b00000, 0x0000000784b00000, 0x0000000784c00000|  0%| F|  |TAMS 0x0000000784b00000, 0x0000000784b00000| Untracked 
|  76|0x0000000784c00000, 0x0000000784c00000, 0x0000000784d00000|  0%| F|  |TAMS 0x0000000784c00000, 0x0000000784c00000| Untracked 
|  77|0x0000000784d00000, 0x0000000784d00000, 0x0000000784e00000|  0%| F|  |TAMS 0x0000000784d00000, 0x0000000784d00000| Untracked 
|  78|0x0000000784e00000, 0x0000000784e00000, 0x0000000784f00000|  0%| F|  |TAMS 0x0000000784e00000, 0x0000000784e00000| Untracked 
|  79|0x0000000784f00000, 0x0000000784f00000, 0x0000000785000000|  0%| F|  |TAMS 0x0000000784f00000, 0x0000000784f00000| Untracked 
|  80|0x0000000785000000, 0x0000000785000000, 0x0000000785100000|  0%| F|  |TAMS 0x0000000785000000, 0x0000000785000000| Untracked 
|  81|0x0000000785100000, 0x0000000785100000, 0x0000000785200000|  0%| F|  |TAMS 0x0000000785100000, 0x0000000785100000| Untracked 
|  82|0x0000000785200000, 0x0000000785200000, 0x0000000785300000|  0%| F|  |TAMS 0x0000000785200000, 0x0000000785200000| Untracked 
|  83|0x0000000785300000, 0x0000000785300000, 0x0000000785400000|  0%| F|  |TAMS 0x0000000785300000, 0x0000000785300000| Untracked 
|  84|0x0000000785400000, 0x0000000785400000, 0x0000000785500000|  0%| F|  |TAMS 0x0000000785400000, 0x0000000785400000| Untracked 
|  85|0x0000000785500000, 0x0000000785500000, 0x0000000785600000|  0%| F|  |TAMS 0x0000000785500000, 0x0000000785500000| Untracked 
|  86|0x0000000785600000, 0x0000000785600000, 0x0000000785700000|  0%| F|  |TAMS 0x0000000785600000, 0x0000000785600000| Untracked 
|  87|0x0000000785700000, 0x0000000785700000, 0x0000000785800000|  0%| F|  |TAMS 0x0000000785700000, 0x0000000785700000| Untracked 
|  88|0x0000000785800000, 0x0000000785800000, 0x0000000785900000|  0%| F|  |TAMS 0x0000000785800000, 0x0000000785800000| Untracked 
|  89|0x0000000785900000, 0x0000000785900000, 0x0000000785a00000|  0%| F|  |TAMS 0x0000000785900000, 0x0000000785900000| Untracked 
|  90|0x0000000785a00000, 0x0000000785a00000, 0x0000000785b00000|  0%| F|  |TAMS 0x0000000785a00000, 0x0000000785a00000| Untracked 
|  91|0x0000000785b00000, 0x0000000785b00000, 0x0000000785c00000|  0%| F|  |TAMS 0x0000000785b00000, 0x0000000785b00000| Untracked 
|  92|0x0000000785c00000, 0x0000000785c00000, 0x0000000785d00000|  0%| F|  |TAMS 0x0000000785c00000, 0x0000000785c00000| Untracked 
|  93|0x0000000785d00000, 0x0000000785d00000, 0x0000000785e00000|  0%| F|  |TAMS 0x0000000785d00000, 0x0000000785d00000| Untracked 
|  94|0x0000000785e00000, 0x0000000785e00000, 0x0000000785f00000|  0%| F|  |TAMS 0x0000000785e00000, 0x0000000785e00000| Untracked 
|  95|0x0000000785f00000, 0x0000000785f00000, 0x0000000786000000|  0%| F|  |TAMS 0x0000000785f00000, 0x0000000785f00000| Untracked 
|  96|0x0000000786000000, 0x0000000786000000, 0x0000000786100000|  0%| F|  |TAMS 0x0000000786000000, 0x0000000786000000| Untracked 
|  97|0x0000000786100000, 0x0000000786100000, 0x0000000786200000|  0%| F|  |TAMS 0x0000000786100000, 0x0000000786100000| Untracked 
|  98|0x0000000786200000, 0x0000000786200000, 0x0000000786300000|  0%| F|  |TAMS 0x0000000786200000, 0x0000000786200000| Untracked 
|  99|0x0000000786300000, 0x0000000786300000, 0x0000000786400000|  0%| F|  |TAMS 0x0000000786300000, 0x0000000786300000| Untracked 
| 100|0x0000000786400000, 0x0000000786400000, 0x0000000786500000|  0%| F|  |TAMS 0x0000000786400000, 0x0000000786400000| Untracked 
| 101|0x0000000786500000, 0x0000000786500000, 0x0000000786600000|  0%| F|  |TAMS 0x0000000786500000, 0x0000000786500000| Untracked 
| 102|0x0000000786600000, 0x0000000786600000, 0x0000000786700000|  0%| F|  |TAMS 0x0000000786600000, 0x0000000786600000| Untracked 
| 103|0x0000000786700000, 0x0000000786700000, 0x0000000786800000|  0%| F|  |TAMS 0x0000000786700000, 0x0000000786700000| Untracked 
| 104|0x0000000786800000, 0x0000000786800000, 0x0000000786900000|  0%| F|  |TAMS 0x0000000786800000, 0x0000000786800000| Untracked 
| 105|0x0000000786900000, 0x0000000786900000, 0x0000000786a00000|  0%| F|  |TAMS 0x0000000786900000, 0x0000000786900000| Untracked 
| 106|0x0000000786a00000, 0x0000000786a00000, 0x0000000786b00000|  0%| F|  |TAMS 0x0000000786a00000, 0x0000000786a00000| Untracked 
| 107|0x0000000786b00000, 0x0000000786b00000, 0x0000000786c00000|  0%| F|  |TAMS 0x0000000786b00000, 0x0000000786b00000| Untracked 
| 108|0x0000000786c00000, 0x0000000786c00000, 0x0000000786d00000|  0%| F|  |TAMS 0x0000000786c00000, 0x0000000786c00000| Untracked 
| 109|0x0000000786d00000, 0x0000000786d00000, 0x0000000786e00000|  0%| F|  |TAMS 0x0000000786d00000, 0x0000000786d00000| Untracked 
| 110|0x0000000786e00000, 0x0000000786e00000, 0x0000000786f00000|  0%| F|  |TAMS 0x0000000786e00000, 0x0000000786e00000| Untracked 
| 111|0x0000000786f00000, 0x0000000786f00000, 0x0000000787000000|  0%| F|  |TAMS 0x0000000786f00000, 0x0000000786f00000| Untracked 
| 112|0x0000000787000000, 0x0000000787000000, 0x0000000787100000|  0%| F|  |TAMS 0x0000000787000000, 0x0000000787000000| Untracked 
| 113|0x0000000787100000, 0x0000000787100000, 0x0000000787200000|  0%| F|  |TAMS 0x0000000787100000, 0x0000000787100000| Untracked 
| 114|0x0000000787200000, 0x0000000787200000, 0x0000000787300000|  0%| F|  |TAMS 0x0000000787200000, 0x0000000787200000| Untracked 
| 115|0x0000000787300000, 0x0000000787300000, 0x0000000787400000|  0%| F|  |TAMS 0x0000000787300000, 0x0000000787300000| Untracked 
| 116|0x0000000787400000, 0x0000000787400000, 0x0000000787500000|  0%| F|  |TAMS 0x0000000787400000, 0x0000000787400000| Untracked 
| 117|0x0000000787500000, 0x0000000787500000, 0x0000000787600000|  0%| F|  |TAMS 0x0000000787500000, 0x0000000787500000| Untracked 
| 118|0x0000000787600000, 0x0000000787600000, 0x0000000787700000|  0%| F|  |TAMS 0x0000000787600000, 0x0000000787600000| Untracked 
| 119|0x0000000787700000, 0x0000000787700000, 0x0000000787800000|  0%| F|  |TAMS 0x0000000787700000, 0x0000000787700000| Untracked 
| 120|0x0000000787800000, 0x0000000787800000, 0x0000000787900000|  0%| F|  |TAMS 0x0000000787800000, 0x0000000787800000| Untracked 
| 121|0x0000000787900000, 0x0000000787900000, 0x0000000787a00000|  0%| F|  |TAMS 0x0000000787900000, 0x0000000787900000| Untracked 
| 122|0x0000000787a00000, 0x0000000787a00000, 0x0000000787b00000|  0%| F|  |TAMS 0x0000000787a00000, 0x0000000787a00000| Untracked 
| 123|0x0000000787b00000, 0x0000000787bec080, 0x0000000787c00000| 92%| E|  |TAMS 0x0000000787b00000, 0x0000000787b00000| Complete 
| 124|0x0000000787c00000, 0x0000000787d00000, 0x0000000787d00000|100%| E|CS|TAMS 0x0000000787c00000, 0x0000000787c00000| Complete 
| 125|0x0000000787d00000, 0x0000000787e00000, 0x0000000787e00000|100%| E|CS|TAMS 0x0000000787d00000, 0x0000000787d00000| Complete 
| 126|0x0000000787e00000, 0x0000000787f00000, 0x0000000787f00000|100%| E|CS|TAMS 0x0000000787e00000, 0x0000000787e00000| Complete 
| 127|0x0000000787f00000, 0x0000000788000000, 0x0000000788000000|100%| E|CS|TAMS 0x0000000787f00000, 0x0000000787f00000| Complete 

Card table byte_map: [0x0000000125e7c000,0x000000012627c000] _byte_map_base: 0x000000012227c000

Marking Bits (Prev, Next): (CMBitMap*) 0x00007fc316808210, (CMBitMap*) 0x00007fc316808250
 Prev Bits: [0x000000012667c000, 0x000000012867c000)
 Next Bits: [0x000000012867c000, 0x000000012a67c000)

Polling page: 0x00000001043a8000

Metaspace:

Usage:
  Non-class:      8.29 MB capacity,     8.20 MB ( 99%) used,    82.23 KB ( <1%) free+waste,     5.38 KB ( <1%) overhead. 
      Class:    821.00 KB capacity,   790.77 KB ( 96%) used,    28.54 KB (  3%) free+waste,     1.69 KB ( <1%) overhead. 
       Both:      9.09 MB capacity,     8.98 MB ( 99%) used,   110.77 KB (  1%) free+waste,     7.06 KB ( <1%) overhead. 

Virtual space:
  Non-class space:       10.00 MB reserved,       8.50 MB ( 85%) committed 
      Class space:        1.00 GB reserved,     896.00 KB ( <1%) committed 
             Both:        1.01 GB reserved,       9.38 MB ( <1%) committed 

Chunk freelists:
   Non-Class:  23.00 KB
       Class:  11.00 KB
        Both:  34.00 KB

MaxMetaspaceSize: 17179869184.00 GB
CompressedClassSpaceSize: 1.00 GB

CodeHeap 'non-profiled nmethods': size=120028Kb used=125Kb max_used=125Kb free=119902Kb
 bounds [0x000000011e35d000, 0x000000011e5cd000, 0x0000000125894000]
CodeHeap 'profiled nmethods': size=120028Kb used=550Kb max_used=550Kb free=119477Kb
 bounds [0x0000000116e26000, 0x0000000117096000, 0x000000011e35d000]
CodeHeap 'non-nmethods': size=5704Kb used=1196Kb max_used=1213Kb free=4507Kb
 bounds [0x0000000116894000, 0x0000000116b04000, 0x0000000116e26000]
 total_blobs=799 nmethods=420 adapters=294
 compilation: enabled
              stopped_count=0, restarted_count=0
 full_count=0

Compilation events (20 events):
Event: 0.411 Thread 0x00007fc337013400  411       3       java.lang.String::replace (42 bytes)
Event: 0.411 Thread 0x00007fc337013400 nmethod 411 0x0000000116ea9290 code [0x0000000116ea9440, 0x0000000116ea9770]
Event: 0.413 Thread 0x00007fc337013400  412       3       sun.security.x509.X509CertImpl::getEncodedInternal (22 bytes)
Event: 0.413 Thread 0x00007fc337013400 nmethod 412 0x0000000116ea9890 code [0x0000000116ea9a40, 0x0000000116ea9c00]
Event: 0.414 Thread 0x00007fc337013400  413       3       java.util.HashMap::<init> (98 bytes)
Event: 0.415 Thread 0x00007fc337013400 nmethod 413 0x0000000116ea9d10 code [0x0000000116eaa040, 0x0000000116eab150]
Event: 0.415 Thread 0x00007fc337013400  414   !   3       java.security.cert.Certificate::equals (38 bytes)
Event: 0.415 Thread 0x00007fc337013400 nmethod 414 0x0000000116eab710 code [0x0000000116eab980, 0x0000000116eac700]
Event: 0.415 Thread 0x00007fc337013400  415       3       sun.security.x509.X509CertImpl::getEncodedInternal (20 bytes)
Event: 0.415 Thread 0x00007fc337013400 nmethod 415 0x0000000116eacb90 code [0x0000000116eacd60, 0x0000000116ead290]
Event: 0.415 Thread 0x00007fc337013400  416       3       java.lang.String::endsWith (15 bytes)
Event: 0.415 Thread 0x00007fc337013400 nmethod 416 0x0000000116ead410 code [0x0000000116ead5e0, 0x0000000116ead920]
Event: 0.417 Thread 0x00007fc31689fa00 nmethod 402 0x000000011e37b710 code [0x000000011e37b8a0, 0x000000011e37c298]
Event: 0.418 Thread 0x00007fc337013400  417       3       java.lang.StringConcatHelper::newArray (26 bytes)
Event: 0.418 Thread 0x00007fc337013400 nmethod 417 0x0000000116eadb10 code [0x0000000116eadcc0, 0x0000000116eadf00]
Event: 0.418 Thread 0x00007fc337013400  418       3       jdk.internal.misc.Unsafe::allocateUninitializedArray (55 bytes)
Event: 0.418 Thread 0x00007fc337013400 nmethod 418 0x0000000116eae010 code [0x0000000116eae220, 0x0000000116eae6d0]
Event: 0.418 Thread 0x00007fc337013400  419       3       java.lang.Character::toLowerCase (9 bytes)
Event: 0.418 Thread 0x00007fc337013400 nmethod 419 0x0000000116eae890 code [0x0000000116eaea40, 0x0000000116eaec10]
Event: 0.420 Thread 0x00007fc337013400  420       3       java.util.ArrayList::grow (60 bytes)

GC Heap History (0 events):
No events

Deoptimization events (20 events):
Event: 0.408 Thread 0x00007fc326808e00 DEOPT PACKING pc=0x0000000116e974b6 sp=0x000000030cc109d0
Event: 0.408 Thread 0x00007fc326808e00 DEOPT UNPACKING pc=0x00000001168e1c1c sp=0x000000030cc0feb8 mode 0
Event: 0.408 Thread 0x00007fc326808e00 DEOPT PACKING pc=0x0000000116e976eb sp=0x000000030cc109d0
Event: 0.408 Thread 0x00007fc326808e00 DEOPT UNPACKING pc=0x00000001168e1c1c sp=0x000000030cc0feb8 mode 0
Event: 0.409 Thread 0x00007fc326808e00 DEOPT PACKING pc=0x0000000116e976eb sp=0x000000030cc109d0
Event: 0.409 Thread 0x00007fc326808e00 DEOPT UNPACKING pc=0x00000001168e1c1c sp=0x000000030cc0feb8 mode 0
Event: 0.410 Thread 0x00007fc326808e00 DEOPT PACKING pc=0x0000000116e976eb sp=0x000000030cc0f320
Event: 0.410 Thread 0x00007fc326808e00 DEOPT UNPACKING pc=0x00000001168e1c1c sp=0x000000030cc0e808 mode 0
Event: 0.411 Thread 0x00007fc326808e00 DEOPT PACKING pc=0x0000000116e976eb sp=0x000000030cc10900
Event: 0.411 Thread 0x00007fc326808e00 DEOPT UNPACKING pc=0x00000001168e1c1c sp=0x000000030cc0fde8 mode 0
Event: 0.412 Thread 0x00007fc326808e00 DEOPT PACKING pc=0x0000000116e974b6 sp=0x000000030cc109e0
Event: 0.412 Thread 0x00007fc326808e00 DEOPT UNPACKING pc=0x00000001168e1c1c sp=0x000000030cc0fec8 mode 0
Event: 0.416 Thread 0x00007fc326808e00 DEOPT PACKING pc=0x0000000116e974b6 sp=0x000000030cc0efa0
Event: 0.416 Thread 0x00007fc326808e00 DEOPT UNPACKING pc=0x00000001168e1c1c sp=0x000000030cc0e488 mode 0
Event: 0.416 Thread 0x00007fc326808e00 DEOPT PACKING pc=0x0000000116e974b6 sp=0x000000030cc0efa0
Event: 0.416 Thread 0x00007fc326808e00 DEOPT UNPACKING pc=0x00000001168e1c1c sp=0x000000030cc0e488 mode 0
Event: 0.416 Thread 0x00007fc326808e00 DEOPT PACKING pc=0x0000000116e976eb sp=0x000000030cc0efa0
Event: 0.416 Thread 0x00007fc326808e00 DEOPT UNPACKING pc=0x00000001168e1c1c sp=0x000000030cc0e488 mode 0
Event: 0.416 Thread 0x00007fc326808e00 DEOPT PACKING pc=0x0000000116e976eb sp=0x000000030cc0efa0
Event: 0.416 Thread 0x00007fc326808e00 DEOPT UNPACKING pc=0x00000001168e1c1c sp=0x000000030cc0e488 mode 0

Classes unloaded (0 events):
No events

Classes redefined (0 events):
No events

Internal exceptions (3 events):
Event: 0.265 Thread 0x00007fc326808e00 Exception <a 'java/lang/NoSuchMethodError'{0x0000000787d174c0}: 'void java.lang.invoke.DirectMethodHandle$Holder.invokeStatic(java.lang.Object, java.lang.Object)'> (0x0000000787d174c0) 
thrown [./open/src/hotspot/share/interpreter/linkResolver.cpp, line 782]
Event: 0.267 Thread 0x00007fc326808e00 Exception <a 'java/lang/NoSuchMethodError'{0x0000000787d1b168}: 'void java.lang.invoke.DirectMethodHandle$Holder.invokeStaticInit(java.lang.Object, java.lang.Object)'> (0x0000000787d1b168) 
thrown [./open/src/hotspot/share/interpreter/linkResolver.cpp, line 782]
Event: 0.380 Thread 0x00007fc326808e00 Exception <a 'java/lang/NoSuchMethodError'{0x0000000787cfe8a8}: 'java.lang.Object java.lang.invoke.DirectMethodHandle$Holder.invokeStatic(java.lang.Object)'> (0x0000000787cfe8a8) 
thrown [./open/src/hotspot/share/interpreter/linkResolver.cpp, line 782]

Events (20 events):
Event: 0.402 loading class jdk/internal/reflect/UTF8
Event: 0.402 loading class jdk/internal/reflect/UTF8 done
Event: 0.403 loading class jdk/internal/reflect/Label
Event: 0.403 loading class jdk/internal/reflect/Label done
Event: 0.403 loading class jdk/internal/reflect/Label$PatchInfo
Event: 0.403 loading class jdk/internal/reflect/Label$PatchInfo done
Event: 0.403 loading class jdk/internal/reflect/MethodAccessorGenerator$1
Event: 0.403 loading class jdk/internal/reflect/MethodAccessorGenerator$1 done
Event: 0.403 loading class jdk/internal/reflect/ClassDefiner
Event: 0.403 loading class jdk/internal/reflect/ClassDefiner done
Event: 0.403 loading class jdk/internal/reflect/ClassDefiner$1
Event: 0.403 loading class jdk/internal/reflect/ClassDefiner$1 done
Event: 0.403 loading class java/lang/Class$1
Event: 0.403 loading class java/lang/Class$1 done
Event: 0.403 loading class jdk/internal/reflect/BootstrapConstructorAccessorImpl
Event: 0.403 loading class jdk/internal/reflect/BootstrapConstructorAccessorImpl done
Event: 0.408 loading class java/lang/IndexOutOfBoundsException
Event: 0.408 loading class java/lang/IndexOutOfBoundsException done
Event: 0.419 loading class java/lang/IllegalStateException
Event: 0.419 loading class java/lang/IllegalStateException done


Dynamic libraries:
0x00007ffdffc3f000 	/Library/Apple/usr/libexec/oah/runtime
0x00007fff2a5ae000 	/usr/lib/libz.1.dylib
0x000000010c64c000 	/Applications/Eclipse.app/Contents/Eclipse/plugins/org.eclipse.justj.openjdk.hotspot.jre.full.macosx.x86_64_15.0.1.v20201027-0507/jre/lib/libjli.dylib
0x00007fff35260000 	/System/Library/Frameworks/Cocoa.framework/Versions/A/Cocoa
0x00007fff22108000 	/System/Library/Frameworks/Security.framework/Versions/A/Security
0x00007fff3345d000 	/System/Library/Frameworks/ApplicationServices.framework/Versions/A/ApplicationServices
0x00007fff2a67a000 	/usr/lib/libSystem.B.dylib
0x00007fff2a674000 	/usr/lib/system/libcache.dylib
0x00007fff2a630000 	/usr/lib/system/libcommonCrypto.dylib
0x00007fff2a65a000 	/usr/lib/system/libcompiler_rt.dylib
0x00007fff2a64f000 	/usr/lib/system/libcopyfile.dylib
0x00007fff200a6000 	/usr/lib/system/libcorecrypto.dylib
0x00007fff20173000 	/usr/lib/system/libdispatch.dylib
0x00007fff20328000 	/usr/lib/system/libdyld.dylib
0x00007fff2a66b000 	/usr/lib/system/libkeymgr.dylib
0x00007fff2dc0f000 	/usr/lib/system/liblaunch.dylib
0x00007fff2a60e000 	/usr/lib/system/libmacho.dylib
0x00007fff29e23000 	/usr/lib/system/libquarantine.dylib
0x00007fff2a668000 	/usr/lib/system/libremovefile.dylib
0x00007fff24a9f000 	/usr/lib/system/libsystem_asl.dylib
0x00007fff20056000 	/usr/lib/system/libsystem_blocks.dylib
0x00007fff201f5000 	/usr/lib/system/libsystem_c.dylib
0x00007fff2a662000 	/usr/lib/system/libsystem_collections.dylib
0x00007fff29210000 	/usr/lib/system/libsystem_configuration.dylib
0x00007fff284ff000 	/usr/lib/system/libsystem_containermanager.dylib
0x00007fff2a3a6000 	/usr/lib/system/libsystem_coreservices.dylib
0x00007fff226bc000 	/usr/lib/system/libsystem_darwin.dylib
0x00007fff2a66c000 	/usr/lib/system/libsystem_dnssd.dylib
0x00007fff201f2000 	/usr/lib/system/libsystem_featureflags.dylib
0x00007fff2036d000 	/usr/lib/system/libsystem_info.dylib
0x00007fff2a5c1000 	/usr/lib/system/libsystem_m.dylib
0x00007fff20146000 	/usr/lib/system/libsystem_malloc.dylib
0x00007fff24a33000 	/usr/lib/system/libsystem_networkextension.dylib
0x00007fff22ad7000 	/usr/lib/system/libsystem_notify.dylib
0x00007fff300c3000 	/usr/lib/system/libsystem_product_info_filter.dylib
0x00007fff29214000 	/usr/lib/system/libsystem_sandbox.dylib
0x00007fff2a665000 	/usr/lib/system/libsystem_secinit.dylib
0x00007fff202ed000 	/usr/lib/system/libsystem_kernel.dylib
0x00007fff20363000 	/usr/lib/system/libsystem_platform.dylib
0x00007fff2031c000 	/usr/lib/system/libsystem_pthread.dylib
0x00007fff261cd000 	/usr/lib/system/libsystem_symptoms.dylib
0x00007fff2008e000 	/usr/lib/system/libsystem_trace.dylib
0x00007fff2a63c000 	/usr/lib/system/libunwind.dylib
0x00007fff20058000 	/usr/lib/system/libxpc.dylib
0x00007fff202d4000 	/usr/lib/libc++abi.dylib
0x00007fff201b8000 	/usr/lib/libobjc.A.dylib
0x00007fff2a647000 	/usr/lib/liboah.dylib
0x00007fff2027e000 	/usr/lib/libc++.1.dylib
0x00007fff20399000 	/System/Library/Frameworks/CoreFoundation.framework/Versions/A/CoreFoundation
0x00007fff2107b000 	/System/Library/Frameworks/Foundation.framework/Versions/C/Foundation
0x00007fff22b2f000 	/System/Library/Frameworks/AppKit.framework/Versions/C/AppKit
0x00007fff259ed000 	/System/Library/Frameworks/CoreData.framework/Versions/A/CoreData
0x00007fff23892000 	/System/Library/PrivateFrameworks/UIFoundation.framework/Versions/A/UIFoundation
0x00007fff2fe3c000 	/System/Library/PrivateFrameworks/RemoteViewServices.framework/Versions/A/RemoteViewServices
0x00007fff28bc9000 	/System/Library/PrivateFrameworks/XCTTargetBootstrap.framework/Versions/A/XCTTargetBootstrap
0x00007fff2b918000 	/usr/lib/libspindump.dylib
0x00007fff23ae7000 	/System/Library/Frameworks/UniformTypeIdentifiers.framework/Versions/A/UniformTypeIdentifiers
0x00007fff2739f000 	/usr/lib/libapp_launch_measurement.dylib
0x00007fff273a2000 	/System/Library/PrivateFrameworks/CoreAutoLayout.framework/Versions/A/CoreAutoLayout
0x00007fff2852b000 	/System/Library/Frameworks/Metal.framework/Versions/A/Metal
0x00007fff2921f000 	/usr/lib/liblangid.dylib
0x00007fff28bcd000 	/System/Library/PrivateFrameworks/CoreSVG.framework/Versions/A/CoreSVG
0x00007fff24ace000 	/System/Library/PrivateFrameworks/SkyLight.framework/Versions/A/SkyLight
0x00007fff24e35000 	/System/Library/Frameworks/CoreGraphics.framework/Versions/A/CoreGraphics
0x00007fff30493000 	/System/Library/Frameworks/Accelerate.framework/Versions/A/Accelerate
0x00007fff2b353000 	/System/Library/PrivateFrameworks/IconServices.framework/Versions/A/IconServices
0x00007fff28510000 	/System/Library/Frameworks/IOSurface.framework/Versions/A/IOSurface
0x00007fff2637f000 	/usr/lib/libDiagnosticMessagesClient.dylib
0x00007fff28bb5000 	/System/Library/PrivateFrameworks/DFRFoundation.framework/Versions/A/DFRFoundation
0x00007fff2245a000 	/usr/lib/libicucore.A.dylib
0x00007fff2ce5d000 	/System/Library/Frameworks/AudioToolbox.framework/Versions/A/AudioToolbox
0x00007fff2c102000 	/System/Library/PrivateFrameworks/DataDetectorsCore.framework/Versions/A/DataDetectorsCore
0x00007fff288b5000 	/System/Library/Frameworks/Carbon.framework/Versions/A/Frameworks/HIToolbox.framework/Versions/A/HIToolbox
0x00007fff26dfa000 	/System/Library/Frameworks/QuartzCore.framework/Versions/A/QuartzCore
0x00007fff2fe78000 	/System/Library/Frameworks/Carbon.framework/Versions/A/Frameworks/SpeechRecognition.framework/Versions/A/SpeechRecognition
0x00007fff27107000 	/System/Library/PrivateFrameworks/CoreUI.framework/Versions/A/CoreUI
0x00007fff21a63000 	/System/Library/Frameworks/CoreAudio.framework/Versions/A/CoreAudio
0x00007fff2646a000 	/System/Library/Frameworks/DiskArbitration.framework/Versions/A/DiskArbitration
0x00007fff2bd12000 	/System/Library/PrivateFrameworks/MultitouchSupport.framework/Versions/A/MultitouchSupport
0x00007fff2c0f9000 	/System/Library/PrivateFrameworks/InternationalSupport.framework/Versions/A/InternationalSupport
0x00007fff24a42000 	/usr/lib/libenergytrace.dylib
0x00007fff22a28000 	/System/Library/Frameworks/IOKit.framework/Versions/A/IOKit
0x00007fff301c5000 	/System/Library/Frameworks/CoreServices.framework/Versions/A/CoreServices
0x00007fff27335000 	/System/Library/PrivateFrameworks/PerformanceAnalysis.framework/Versions/A/PerformanceAnalysis
0x00007fff6cb3b000 	/System/Library/Frameworks/OpenGL.framework/Versions/A/OpenGL
0x00007fff2c17e000 	/System/Library/PrivateFrameworks/UserActivity.framework/Versions/A/UserActivity
0x00007fff254ef000 	/System/Library/Frameworks/ColorSync.framework/Versions/A/ColorSync
0x00007fff28e36000 	/System/Library/Frameworks/CoreImage.framework/Versions/A/CoreImage
0x00007fff2187a000 	/System/Library/Frameworks/CoreText.framework/Versions/A/CoreText
0x00007fff28bf7000 	/System/Library/Frameworks/ImageIO.framework/Versions/A/ImageIO
0x00007fff2a680000 	/System/Library/PrivateFrameworks/SoftLinking.framework/Versions/A/SoftLinking
0x00007fff273eb000 	/usr/lib/libxml2.2.dylib
0x00007fff2a8f2000 	/usr/lib/libcompression.dylib
0x00007fff24a43000 	/usr/lib/libMobileGestalt.dylib
0x00007fff2c02c000 	/System/Library/PrivateFrameworks/TextureIO.framework/Versions/A/TextureIO
0x00007fff2afe0000 	/usr/lib/libate.dylib
0x00007fff2ad0b000 	/usr/lib/liblzma.5.dylib
0x00007fff20d8f000 	/System/Library/Frameworks/SystemConfiguration.framework/Versions/A/SystemConfiguration
0x00007fff2a67c000 	/usr/lib/libfakelink.dylib
0x00007fff24595000 	/System/Library/Frameworks/CFNetwork.framework/Versions/A/CFNetwork
0x00007fff2a7bc000 	/usr/lib/libarchive.2.dylib
0x00007fff20e0d000 	/usr/lib/libCRFSuite.dylib
0x00007fff29e4a000 	/usr/lib/libbsm.0.dylib
0x00007fff23f51000 	/usr/lib/libnetwork.dylib
0x00007fff2a681000 	/usr/lib/libpcap.A.dylib
0x00007fff261c6000 	/usr/lib/libdns_services.dylib
0x00007fff2ad24000 	/usr/lib/libcoretls_cfhelpers.dylib
0x00007fff2a8c0000 	/usr/lib/libapple_nghttp2.dylib
0x00007fff2a614000 	/usr/lib/system/libkxld.dylib
0x00007fff25e34000 	/usr/lib/libsqlite3.dylib
0x00007fff2a388000 	/System/Library/PrivateFrameworks/AppleFSCompression.framework/Versions/A/AppleFSCompression
0x00007fff29e32000 	/usr/lib/libcoretls.dylib
0x00007fff2a8ed000 	/usr/lib/libpam.2.dylib
0x00007fff2ae21000 	/usr/lib/libxar.1.dylib
0x00007fff2921b000 	/System/Library/PrivateFrameworks/AppleSystemInfo.framework/Versions/A/AppleSystemInfo
0x00007fff29a75000 	/System/Library/PrivateFrameworks/IOMobileFramebuffer.framework/Versions/A/IOMobileFramebuffer
0x00007fff2a398000 	/usr/lib/libbz2.1.0.dylib
0x00007fff2a6b9000 	/usr/lib/libiconv.2.dylib
0x00007fff2a60d000 	/usr/lib/libcharset.1.dylib
0x00007fff27371000 	/System/Library/Frameworks/CoreServices.framework/Versions/A/Frameworks/FSEvents.framework/Versions/A/FSEvents
0x00007fff226c6000 	/System/Library/Frameworks/CoreServices.framework/Versions/A/Frameworks/CarbonCore.framework/Versions/A/CarbonCore
0x00007fff263cf000 	/System/Library/Frameworks/CoreServices.framework/Versions/A/Frameworks/Metadata.framework/Versions/A/Metadata
0x00007fff2a3ab000 	/System/Library/Frameworks/CoreServices.framework/Versions/A/Frameworks/OSServices.framework/Versions/A/OSServices
0x00007fff2a82e000 	/System/Library/Frameworks/CoreServices.framework/Versions/A/Frameworks/SearchKit.framework/Versions/A/SearchKit
0x00007fff26150000 	/System/Library/Frameworks/CoreServices.framework/Versions/A/Frameworks/AE.framework/Versions/A/AE
0x00007fff20835000 	/System/Library/Frameworks/CoreServices.framework/Versions/A/Frameworks/LaunchServices.framework/Versions/A/LaunchServices
0x00007fff2acbc000 	/System/Library/Frameworks/CoreServices.framework/Versions/A/Frameworks/DictionaryServices.framework/Versions/A/DictionaryServices
0x00007fff2737a000 	/System/Library/Frameworks/CoreServices.framework/Versions/A/Frameworks/SharedFileList.framework/Versions/A/SharedFileList
0x00007fff29e26000 	/usr/lib/libCheckFix.dylib
0x00007fff24ab6000 	/System/Library/PrivateFrameworks/TCC.framework/Versions/A/TCC
0x00007fff29221000 	/System/Library/PrivateFrameworks/CoreNLP.framework/Versions/A/CoreNLP
0x00007fff26382000 	/System/Library/PrivateFrameworks/MetadataUtilities.framework/Versions/A/MetadataUtilities
0x00007fff20e43000 	/usr/lib/libmecabra.dylib
0x00007fff2a13a000 	/System/Library/Frameworks/MLCompute.framework/Versions/A/MLCompute
0x00007fff29e5b000 	/usr/lib/libmecab.dylib
0x00007fff29ea5000 	/usr/lib/libgermantok.dylib
0x00007fff2a896000 	/usr/lib/libThaiTokenizer.dylib
0x00007fff2ae5c000 	/usr/lib/libChineseTokenizer.dylib
0x00007fff2a8eb000 	/System/Library/Frameworks/MetalPerformanceShaders.framework/Versions/A/MetalPerformanceShaders
0x00007fff26471000 	/System/Library/Frameworks/Accelerate.framework/Versions/A/Frameworks/vImage.framework/Versions/A/vImage
0x00007fff3019e000 	/System/Library/Frameworks/Accelerate.framework/Versions/A/Frameworks/vecLib.framework/Versions/A/vecLib
0x00007fff2ae67000 	/System/Library/Frameworks/Accelerate.framework/Versions/A/Frameworks/vecLib.framework/Versions/A/libvMisc.dylib
0x00007fff298d1000 	/System/Library/Frameworks/Accelerate.framework/Versions/A/Frameworks/vecLib.framework/Versions/A/libvDSP.dylib
0x00007fff20b39000 	/System/Library/Frameworks/Accelerate.framework/Versions/A/Frameworks/vecLib.framework/Versions/A/libBLAS.dylib
0x00007fff2a911000 	/System/Library/Frameworks/Accelerate.framework/Versions/A/Frameworks/vecLib.framework/Versions/A/libLAPACK.dylib
0x00007fff29eab000 	/System/Library/Frameworks/Accelerate.framework/Versions/A/Frameworks/vecLib.framework/Versions/A/libLinearAlgebra.dylib
0x00007fff2a8d8000 	/System/Library/Frameworks/Accelerate.framework/Versions/A/Frameworks/vecLib.framework/Versions/A/libSparseBLAS.dylib
0x00007fff2a90b000 	/System/Library/Frameworks/Accelerate.framework/Versions/A/Frameworks/vecLib.framework/Versions/A/libQuadrature.dylib
0x00007fff292c9000 	/System/Library/Frameworks/Accelerate.framework/Versions/A/Frameworks/vecLib.framework/Versions/A/libBNNS.dylib
0x00007fff20d20000 	/System/Library/Frameworks/Accelerate.framework/Versions/A/Frameworks/vecLib.framework/Versions/A/libSparse.dylib
0x00007fff291b4000 	/System/Library/Frameworks/MetalPerformanceShaders.framework/Versions/A/Frameworks/MPSCore.framework/Versions/A/MPSCore
0x00007fff2a2f7000 	/System/Library/Frameworks/MetalPerformanceShaders.framework/Versions/A/Frameworks/MPSImage.framework/Versions/A/MPSImage
0x00007fff29ec2000 	/System/Library/Frameworks/MetalPerformanceShaders.framework/Versions/A/Frameworks/MPSNeuralNetwork.framework/Versions/A/MPSNeuralNetwork
0x00007fff2a282000 	/System/Library/Frameworks/MetalPerformanceShaders.framework/Versions/A/Frameworks/MPSMatrix.framework/Versions/A/MPSMatrix
0x00007fff2a0ea000 	/System/Library/Frameworks/MetalPerformanceShaders.framework/Versions/A/Frameworks/MPSRayIntersector.framework/Versions/A/MPSRayIntersector
0x00007fff2a2b9000 	/System/Library/Frameworks/MetalPerformanceShaders.framework/Versions/A/Frameworks/MPSNDArray.framework/Versions/A/MPSNDArray
0x00007fff20a65000 	/System/Library/PrivateFrameworks/MetalTools.framework/Versions/A/MetalTools
0x00007fff29219000 	/System/Library/PrivateFrameworks/AggregateDictionary.framework/Versions/A/AggregateDictionary
0x00007fff2635a000 	/System/Library/PrivateFrameworks/CoreAnalytics.framework/Versions/A/CoreAnalytics
0x00007fff2a898000 	/System/Library/PrivateFrameworks/AppleSauce.framework/Versions/A/AppleSauce
0x00007fff28522000 	/System/Library/PrivateFrameworks/IOAccelerator.framework/Versions/A/IOAccelerator
0x00007fff6cb2f000 	/System/Library/Frameworks/OpenGL.framework/Versions/A/Libraries/libCoreFSCache.dylib
0x00007fff213df000 	/System/Library/PrivateFrameworks/LanguageModeling.framework/Versions/A/LanguageModeling
0x00007fff29a62000 	/System/Library/PrivateFrameworks/CoreEmoji.framework/Versions/A/CoreEmoji
0x00007fff292c2000 	/System/Library/PrivateFrameworks/LinguisticData.framework/Versions/A/LinguisticData
0x00007fff20cd2000 	/System/Library/PrivateFrameworks/Lexicon.framework/Versions/A/Lexicon
0x00007fff2a7aa000 	/usr/lib/libcmph.dylib
0x00007fff27351000 	/System/Library/Frameworks/OpenDirectory.framework/Versions/A/Frameworks/CFOpenDirectory.framework/Versions/A/CFOpenDirectory
0x00007fff27341000 	/System/Library/Frameworks/OpenDirectory.framework/Versions/A/OpenDirectory
0x00007fff2ad26000 	/System/Library/PrivateFrameworks/APFS.framework/Versions/A/APFS
0x00007fff29d87000 	/System/Library/Frameworks/SecurityFoundation.framework/Versions/A/SecurityFoundation
0x00007fff2ae2f000 	/usr/lib/libutil.dylib
0x00007fff229ed000 	/System/Library/PrivateFrameworks/CoreServicesStore.framework/Versions/A/CoreServicesStore
0x00007fff29e1e000 	/System/Library/Frameworks/ServiceManagement.framework/Versions/A/ServiceManagement
0x00007fff2ae33000 	/usr/lib/libxslt.1.dylib
0x00007fff29e14000 	/System/Library/PrivateFrameworks/BackgroundTaskManagement.framework/Versions/A/BackgroundTaskManagement
0x00007fff2bf77000 	/System/Library/Frameworks/ImageIO.framework/Versions/A/Resources/libRadiance.dylib
0x00007fff2bf80000 	/System/Library/Frameworks/ImageIO.framework/Versions/A/Resources/libJPEG.dylib
0x00007fff2becc000 	/System/Library/Frameworks/ImageIO.framework/Versions/A/Resources/libPng.dylib
0x00007fff2bef3000 	/System/Library/Frameworks/ImageIO.framework/Versions/A/Resources/libTIFF.dylib
0x00007fff2bfd5000 	/System/Library/Frameworks/ImageIO.framework/Versions/A/Resources/libGIF.dylib
0x00007fff2bc30000 	/System/Library/Frameworks/ImageIO.framework/Versions/A/Resources/libJP2.dylib
0x00007fff2b31a000 	/usr/lib/libexpat.1.dylib
0x00007fff2bbe5000 	/System/Library/PrivateFrameworks/AppleJPEG.framework/Versions/A/AppleJPEG
0x00007fff28758000 	/System/Library/PrivateFrameworks/FontServices.framework/libFontParser.dylib
0x00007fff26104000 	/System/Library/PrivateFrameworks/RunningBoardServices.framework/Versions/A/RunningBoardServices
0x00007fff2bd0e000 	/System/Library/PrivateFrameworks/WatchdogClient.framework/Versions/A/WatchdogClient
0x00007fff214cc000 	/System/Library/Frameworks/CoreDisplay.framework/Versions/A/CoreDisplay
0x00007fff2866e000 	/System/Library/Frameworks/CoreMedia.framework/Versions/A/CoreMedia
0x00007fff274ce000 	/System/Library/Frameworks/CoreVideo.framework/Versions/A/CoreVideo
0x00007fff2bd46000 	/System/Library/Frameworks/VideoToolbox.framework/Versions/A/VideoToolbox
0x00007fff26082000 	/System/Library/PrivateFrameworks/BaseBoard.framework/Versions/A/BaseBoard
0x00007fff2b45f000 	/System/Library/PrivateFrameworks/PersistentConnection.framework/Versions/A/PersistentConnection
0x00007fff25e1d000 	/System/Library/PrivateFrameworks/ProtocolBuffer.framework/Versions/A/ProtocolBuffer
0x00007fff26069000 	/System/Library/PrivateFrameworks/CommonUtilities.framework/Versions/A/CommonUtilities
0x00007fff2bb7a000 	/System/Library/PrivateFrameworks/Bom.framework/Versions/A/Bom
0x00007fff2bf70000 	/System/Library/PrivateFrameworks/GPUWrangler.framework/Versions/A/GPUWrangler
0x00007fff2bf53000 	/System/Library/PrivateFrameworks/IOPresentment.framework/Versions/A/IOPresentment
0x00007fff2bf7a000 	/System/Library/PrivateFrameworks/DSExternalDisplay.framework/Versions/A/DSExternalDisplay
0x00007fff2bfda000 	/System/Library/PrivateFrameworks/CMCaptureCore.framework/Versions/A/CMCaptureCore
0x00007fff2b8ff000 	/System/Library/PrivateFrameworks/AppServerSupport.framework/Versions/A/AppServerSupport
0x00007fff2d9ae000 	/System/Library/PrivateFrameworks/perfdata.framework/Versions/A/perfdata
0x00007fff29d76000 	/System/Library/PrivateFrameworks/AssertionServices.framework/Versions/A/AssertionServices
0x00007fff21603000 	/System/Library/PrivateFrameworks/AudioToolboxCore.framework/Versions/A/AudioToolboxCore
0x00007fff28651000 	/System/Library/PrivateFrameworks/caulk.framework/Versions/A/caulk
0x00007fff3d659000 	/System/Library/PrivateFrameworks/SystemPolicy.framework/Versions/A/SystemPolicy
0x00007fff2b10f000 	/usr/lib/libIOReport.dylib
0x00007fff2d1d0000 	/usr/lib/libSMC.dylib
0x00007fff2be99000 	/usr/lib/libAudioToolboxUtility.dylib
0x00007fff3dfc3000 	/usr/lib/libmis.dylib
0x00007fff6cb8b000 	/System/Library/Frameworks/OpenGL.framework/Versions/A/Libraries/libGLU.dylib
0x00007fff6cb4e000 	/System/Library/Frameworks/OpenGL.framework/Versions/A/Libraries/libGFXShared.dylib
0x00007fff6cd5d000 	/System/Library/Frameworks/OpenGL.framework/Versions/A/Libraries/libGL.dylib
0x00007fff6cb57000 	/System/Library/Frameworks/OpenGL.framework/Versions/A/Libraries/libGLImage.dylib
0x00007fff6cb4b000 	/System/Library/Frameworks/OpenGL.framework/Versions/A/Libraries/libCVMSPluginSupport.dylib
0x00007fff6cb36000 	/System/Library/Frameworks/OpenGL.framework/Versions/A/Libraries/libCoreVMClient.dylib
0x00007fff6e19e000 	/System/Library/Frameworks/OpenCL.framework/Versions/A/OpenCL
0x00007fff2b489000 	/System/Library/PrivateFrameworks/GraphVisualizer.framework/Versions/A/GraphVisualizer
0x00007fff2b498000 	/System/Library/PrivateFrameworks/FaceCore.framework/Versions/A/FaceCore
0x00007fff2b8b4000 	/System/Library/PrivateFrameworks/OTSVG.framework/Versions/A/OTSVG
0x00007fff270c5000 	/System/Library/Frameworks/ApplicationServices.framework/Versions/A/Frameworks/ATS.framework/Versions/A/Resources/libFontRegistry.dylib
0x00007fff2b906000 	/System/Library/PrivateFrameworks/FontServices.framework/libhvf.dylib
0x00007fff2b2c6000 	/System/Library/PrivateFrameworks/AppleVA.framework/Versions/A/AppleVA
0x00007fff2d019000 	/System/Library/Frameworks/ApplicationServices.framework/Versions/A/Frameworks/ATS.framework/Versions/A/ATS
0x00007fff2d32b000 	/System/Library/Frameworks/ApplicationServices.framework/Versions/A/Frameworks/ColorSyncLegacy.framework/Versions/A/ColorSyncLegacy
0x00007fff255e6000 	/System/Library/Frameworks/ApplicationServices.framework/Versions/A/Frameworks/HIServices.framework/Versions/A/HIServices
0x00007fff2d310000 	/System/Library/Frameworks/ApplicationServices.framework/Versions/A/Frameworks/LangAnalysis.framework/Versions/A/LangAnalysis
0x00007fff2bfe4000 	/System/Library/Frameworks/ApplicationServices.framework/Versions/A/Frameworks/PrintCore.framework/Versions/A/PrintCore
0x00007fff2d333000 	/System/Library/Frameworks/ApplicationServices.framework/Versions/A/Frameworks/QD.framework/Versions/A/QD
0x00007fff2d009000 	/System/Library/Frameworks/ApplicationServices.framework/Versions/A/Frameworks/SpeechSynthesis.framework/Versions/A/SpeechSynthesis
0x00007fff2bfa5000 	/System/Library/Frameworks/ApplicationServices.framework/Versions/A/Frameworks/ATSUI.framework/Versions/A/ATSUI
0x00007fff2d2b0000 	/usr/lib/libcups.2.dylib
0x00007fff2d320000 	/System/Library/PrivateFrameworks/NetAuth.framework/Versions/A/NetAuth
0x00007fff2d9ca000 	/System/Library/Frameworks/Kerberos.framework/Versions/A/Kerberos
0x00007fff2d9da000 	/System/Library/Frameworks/GSS.framework/Versions/A/GSS
0x00007fff2d085000 	/usr/lib/libresolv.9.dylib
0x00007fff2b91b000 	/System/Library/PrivateFrameworks/Heimdal.framework/Versions/A/Heimdal
0x00007fff3375e000 	/System/Library/Frameworks/Kerberos.framework/Versions/A/Libraries/libHeimdalProxy.dylib
0x00007fff261d5000 	/System/Library/Frameworks/Network.framework/Versions/A/Network
0x00007fff2b334000 	/usr/lib/libheimdal-asn1.dylib
0x00007fff2da2a000 	/System/Library/PrivateFrameworks/CommonAuth.framework/Versions/A/CommonAuth
0x00007fff2751b000 	/System/Library/PrivateFrameworks/login.framework/Versions/A/Frameworks/loginsupport.framework/Versions/A/loginsupport
0x00007fff2cf8e000 	/System/Library/PrivateFrameworks/AudioSession.framework/Versions/A/AudioSession
0x00007fff2cff6000 	/usr/lib/libAudioStatistics.dylib
0x00007fff2b3c1000 	/System/Library/PrivateFrameworks/MediaExperience.framework/Versions/A/MediaExperience
0x00007fff2ce2b000 	/System/Library/PrivateFrameworks/AudioSession.framework/libSessionUtility.dylib
0x00007fff2d9bb000 	/usr/lib/libperfcheck.dylib
0x00007fff2d33f000 	/System/Library/PrivateFrameworks/AudioResourceArbitration.framework/Versions/A/AudioResourceArbitration
0x00007fff2b33e000 	/System/Library/PrivateFrameworks/IconFoundation.framework/Versions/A/IconFoundation
0x00007fff2fe68000 	/System/Library/PrivateFrameworks/SpeechRecognitionCore.framework/Versions/A/SpeechRecognitionCore
0x00007fff5df65000 	/System/Library/CoreServices/Encodings/libKoreanConverter.dylib
0x0000000110800000 	/Applications/Eclipse.app/Contents/Eclipse/plugins/org.eclipse.justj.openjdk.hotspot.jre.full.macosx.x86_64_15.0.1.v20201027-0507/jre/lib/server/libjvm.dylib
0x000000010c6d4000 	/Applications/Eclipse.app/Contents/Eclipse/plugins/org.eclipse.justj.openjdk.hotspot.jre.full.macosx.x86_64_15.0.1.v20201027-0507/jre/lib/libjimage.dylib
0x000000010c6ee000 	/Applications/Eclipse.app/Contents/Eclipse/plugins/org.eclipse.justj.openjdk.hotspot.jre.full.macosx.x86_64_15.0.1.v20201027-0507/jre/lib/libjdwp.dylib
0x000000010c79c000 	/Applications/Eclipse.app/Contents/Eclipse/plugins/org.eclipse.justj.openjdk.hotspot.jre.full.macosx.x86_64_15.0.1.v20201027-0507/jre/lib/libjava.dylib
0x0000000112e8f000 	/Applications/Eclipse.app/Contents/Eclipse/plugins/org.eclipse.justj.openjdk.hotspot.jre.full.macosx.x86_64_15.0.1.v20201027-0507/jre/lib/libinstrument.dylib
0x000000012cf54000 	/Applications/Eclipse.app/Contents/Eclipse/plugins/org.eclipse.justj.openjdk.hotspot.jre.full.macosx.x86_64_15.0.1.v20201027-0507/jre/lib/libzip.dylib
0x000000012ecb0000 	/Applications/Eclipse.app/Contents/Eclipse/plugins/org.eclipse.justj.openjdk.hotspot.jre.full.macosx.x86_64_15.0.1.v20201027-0507/jre/lib/libdt_socket.dylib
0x000000012ed57000 	/Applications/Eclipse.app/Contents/Eclipse/plugins/org.eclipse.justj.openjdk.hotspot.jre.full.macosx.x86_64_15.0.1.v20201027-0507/jre/lib/libnio.dylib
0x000000012ed85000 	/Applications/Eclipse.app/Contents/Eclipse/plugins/org.eclipse.justj.openjdk.hotspot.jre.full.macosx.x86_64_15.0.1.v20201027-0507/jre/lib/libnet.dylib
0x000000012ebef000 	/Applications/Eclipse.app/Contents/Eclipse/plugins/org.eclipse.justj.openjdk.hotspot.jre.full.macosx.x86_64_15.0.1.v20201027-0507/jre/lib/libverify.dylib


VM Arguments:
jvm_args: -XX:+ShowCodeDetailsInExceptionMessages -agentlib:jdwp=transport=dt_socket,suspend=y,address=localhost:49392 -javaagent:/Applications/Eclipse.app/Contents/Eclipse/configuration/org.eclipse.osgi/398/0/.cp/lib/javaagent-shaded.jar -Dfile.encoding=UTF-8 
java_command: LeetCode204Problem
java_class_path (initial): /Users/james/Desktop/git_algorithm/leetCode-problems-and-solves/bin
Launcher Type: SUN_STANDARD

[Global flags]
     intx CICompilerCount                          = 4                                         {product} {ergonomic}
     uint ConcGCThreads                            = 2                                         {product} {ergonomic}
     uint G1ConcRefinementThreads                  = 8                                         {product} {ergonomic}
   size_t G1HeapRegionSize                         = 1048576                                   {product} {ergonomic}
    uintx GCDrainStackTargetSize                   = 64                                        {product} {ergonomic}
   size_t InitialHeapSize                          = 134217728                                 {product} {ergonomic}
   size_t MarkStackSize                            = 4194304                                   {product} {ergonomic}
   size_t MaxHeapSize                              = 2147483648                                {product} {ergonomic}
   size_t MaxNewSize                               = 1287651328                                {product} {ergonomic}
   size_t MinHeapDeltaBytes                        = 1048576                                   {product} {ergonomic}
   size_t MinHeapSize                              = 8388608                                   {product} {ergonomic}
    uintx NonNMethodCodeHeapSize                   = 5839372                                {pd product} {ergonomic}
    uintx NonProfiledCodeHeapSize                  = 122909434                              {pd product} {ergonomic}
    uintx ProfiledCodeHeapSize                     = 122909434                              {pd product} {ergonomic}
    uintx ReservedCodeCacheSize                    = 251658240                              {pd product} {ergonomic}
     bool SegmentedCodeCache                       = true                                      {product} {ergonomic}
     bool ShowCodeDetailsInExceptionMessages       = true                                   {manageable} {command line}
   size_t SoftMaxHeapSize                          = 2147483648                             {manageable} {ergonomic}
     bool UseCompressedClassPointers               = true                                 {lp64_product} {ergonomic}
     bool UseCompressedOops                        = true                                 {lp64_product} {ergonomic}
     bool UseG1GC                                  = true                                      {product} {ergonomic}
     bool UseNUMA                                  = false                                     {product} {ergonomic}
     bool UseNUMAInterleaving                      = false                                     {product} {ergonomic}

Logging:
Log output configuration:
 #0: stdout all=warning uptime,level,tags
 #1: stderr all=off uptime,level,tags

Environment Variables:
PATH=/usr/bin:/bin:/usr/sbin:/sbin
SHELL=/bin/zsh

Signal Handlers:
SIGSEGV: [libjvm.dylib+0xa00020], sa_mask[0]=11111111111111111111111111111111, sa_flags=SA_ONSTACK|SA_RESTART|SA_SIGINFO
SIGBUS: [libjvm.dylib+0xa00020], sa_mask[0]=11111111111111111111111111111111, sa_flags=SA_RESTART|SA_SIGINFO
SIGFPE: [libjvm.dylib+0xa00020], sa_mask[0]=11111111111111111111111111111111, sa_flags=SA_RESTART|SA_SIGINFO
SIGPIPE: [libjvm.dylib+0x82b7f0], sa_mask[0]=11111111111111111111111111111111, sa_flags=SA_RESTART|SA_SIGINFO
SIGXFSZ: [libjvm.dylib+0x82b7f0], sa_mask[0]=11111111111111111111111111111111, sa_flags=SA_RESTART|SA_SIGINFO
SIGILL: [libjvm.dylib+0xa00020], sa_mask[0]=11111111111111111111111111111111, sa_flags=SA_RESTART|SA_SIGINFO
SIGUSR2: [libjvm.dylib+0x82c300], sa_mask[0]=00100000000000000000000000000000, sa_flags=SA_RESTART|SA_SIGINFO
SIGHUP: [libjvm.dylib+0x82aa00], sa_mask[0]=11111111111111111111111111111111, sa_flags=SA_RESTART|SA_SIGINFO
SIGINT: [libjvm.dylib+0x82aa00], sa_mask[0]=11111111111111111111111111111111, sa_flags=SA_RESTART|SA_SIGINFO
SIGTERM: [libjvm.dylib+0x82aa00], sa_mask[0]=11111111111111111111111111111111, sa_flags=SA_RESTART|SA_SIGINFO
SIGQUIT: [libjvm.dylib+0x82aa00], sa_mask[0]=11111111111111111111111111111111, sa_flags=SA_RESTART|SA_SIGINFO


---------------  S Y S T E M  ---------------

OS:uname: Darwin 20.3.0 Darwin Kernel Version 20.3.0: Thu Jan 21 00:06:51 PST 2021; root:xnu-7195.81.3~1/RELEASE_ARM64_T8101 x86_64
OS uptime: 0 days 0:05 hours
rlimit (soft/hard): STACK 8176k/65520k , CORE 0k/infinity , NPROC 1333/2000 , NOFILE 10240/infinity , AS infinity/infinity , CPU infinity/infinity , DATA infinity/infinity , FSIZE infinity/infinity , MEMLOCK infinity/infinity , RSS infinity/infinity
load average: 2.27 7.73 4.60

CPU: total 8 (initial active 8) (1 cores per cpu, 1 threads per core) family 6 model 44 stepping 0 microcode 0x0, cmov, cx8, fxsr, mmx, sse, sse2, sse3, ssse3, sse4.1, sse4.2, popcnt, aes, clmul, tsc, tscinvbit, tscinv, clflush

Memory: 4k page, physical 8388608k(66444k free), swap 0k(0k free)

vm_info: OpenJDK 64-Bit Server VM (15.0.1+9-18) for bsd-amd64 JRE (15.0.1+9-18), built on Sep 15 2020 13:39:50 by "mach5one" with clang 4.2.1 Compatible Apple LLVM 10.0.0 (clang-1000.11.45.5)

END.
